* Starting client
* Connecting to master process on port 9157
* Analyzing classpath: 
  - C:\C stuff\java_stuff\hw1\target\test-classes
  - C:\C stuff\java_stuff\hw1\target\classes
  - C:\Users\Samuel\.m2\repository\junit\junit\4.12\junit-4.12.jar
  - C:\Users\Samuel\.m2\repository\org\hamcrest\hamcrest-core\1.3\hamcrest-core-1.3.jar
* Finished analyzing classpath
* Generating tests for class edu.osu.cs362.MyQuickSort
* Test criteria:
  - Line Coverage
  - Branch Coverage
  - Exception
  - Mutation testing (weak)
  - Method-Output Coverage
  - Top-Level Method Coverage
  - No-Exception Top-Level Method Coverage
  - Context Branch Coverage
* Setting up search algorithm for whole suite generation
[MASTER] 22:12:46.490 [pool-2-thread-1] WARN  TestSuiteSerialization - Cannot load tests because file does not exist: C:\C stuff\java_stuff\hw1\.evosuite\evosuite-seeds\edu.osu.cs362.MyQuickSort.seed
* Total number of test goals: 
  - Line 34
  - Branch 20
  - Exception 0
  - MutationFactory 359
  - Output 0
  - Method 3
  - MethodNoException 3
  - CBranchFitnessFactory 20
* Using seed 1492405965014
* Starting evolution
* Search finished after 31s and 796 generations, 166955 statements, best individual has fitness: 208.2833333333333
* Writing sequences to pool
* Minimizing test suite
* Going to analyze the coverage criteria
* Coverage analysis for criterion LINE
* Coverage of criterion LINE: 44%
* Total number of goals: 34
* Number of covered goals: 15
* Coverage analysis for criterion BRANCH
* Coverage of criterion BRANCH: 40%
* Total number of goals: 20
* Number of covered goals: 8
* Coverage analysis for criterion EXCEPTION
* Coverage of criterion EXCEPTION: 100%
* Total number of goals: 2
* Number of covered goals: 2
* Coverage analysis for criterion WEAKMUTATION
* Coverage of criterion WEAKMUTATION: 56%
* Total number of goals: 359
* Number of covered goals: 201
* Coverage analysis for criterion OUTPUT
* Coverage of criterion OUTPUT: 100% (no goals)
* Coverage analysis for criterion METHOD
* Coverage of criterion METHOD: 100%
* Total number of goals: 3
* Number of covered goals: 3
* Coverage analysis for criterion METHODNOEXCEPTION
* Coverage of criterion METHODNOEXCEPTION: 67%
* Total number of goals: 3
* Number of covered goals: 2
* Coverage analysis for criterion CBRANCH
* Coverage of criterion CBRANCH: 40%
* Total number of goals: 20
* Number of covered goals: 8
* Generated 4 tests with total length 10
* Resulting test suite's coverage: 64% (average coverage for all fitness functions)
* Generating assertions
* Resulting test suite's mutation score: 1%
* Compiling and checking tests
[MASTER] 22:13:24.095 [pool-2-thread-1] WARN  TimeController - Phase ASSERTION_GENERATION lasted too long, 1 seconds more than allowed.
* Writing JUnit test case 'MyQuickSort_ESTest' to C:\C stuff\java_stuff\hw1\.evosuite\tmp_2017_04_16_22_12_43\tests
* Done!

